<?xml version="1.0" encoding="UTF-8"?>
<robot generator="Robot 6.1.1 (Python 3.10.0 on win32)" generated="20240621 12:57:07.187" rpa="false" schemaversion="4">
<suite id="s1" name="rehaFoXX1.02" source="D:\Git\e2e_chat_editor_robot\Tests\Vocabulary\NovaChatChatFusion\NovaChatChatFusionEN&amp;DE\NovaChatChatFusionDeutschMetacom\rehaFoXX1.02.robot">
<kw name="Run Keywords" library="BuiltIn" type="SETUP">
<arg>Delete Chat Editor Folder</arg>
<arg>AND</arg>
<arg>Open ChatEditor</arg>
<doc>Executes all the given keywords in a sequence.</doc>
<kw name="Delete Chat Editor Folder" library="resources">
<kw name="Get Environment Variable" library="OperatingSystem">
<var>${username}</var>
<arg>USERNAME</arg>
<doc>Returns the value of an environment variable with the given name.</doc>
<msg timestamp="20240621 12:57:07.763" level="INFO">${username} = valen</msg>
<status status="PASS" starttime="20240621 12:57:07.763" endtime="20240621 12:57:07.763"/>
</kw>
<kw name="Set Variable" library="BuiltIn">
<var>${folderPath}</var>
<arg>C:\\Users\\${username}\\AppData\\Roaming\\Chat Editor</arg>
<doc>Returns the given values which can then be assigned to a variables.</doc>
<msg timestamp="20240621 12:57:07.763" level="INFO">${folderPath} = C:\Users\valen\AppData\Roaming\Chat Editor</msg>
<status status="PASS" starttime="20240621 12:57:07.763" endtime="20240621 12:57:07.763"/>
</kw>
<kw name="Remove Directory" library="OperatingSystem">
<arg>${folderPath}</arg>
<arg>recursive=True</arg>
<doc>Removes the directory pointed to by the given ``path``.</doc>
<msg timestamp="20240621 12:57:07.763" level="INFO" html="true">Removed directory '&lt;a href="file://C:\Users\valen\AppData\Roaming\Chat Editor"&gt;C:\Users\valen\AppData\Roaming\Chat Editor&lt;/a&gt;'.</msg>
<status status="PASS" starttime="20240621 12:57:07.763" endtime="20240621 12:57:07.763"/>
</kw>
<kw name="Copy Directory" library="OperatingSystem">
<arg>Data\\Chat Editor</arg>
<arg>${folderPath}</arg>
<doc>Copies the source directory into the destination.</doc>
<msg timestamp="20240621 12:57:07.763" level="INFO" html="true">Copied directory from '&lt;a href="file://D:\Git\e2e_chat_editor_robot\Data\Chat Editor"&gt;D:\Git\e2e_chat_editor_robot\Data\Chat Editor&lt;/a&gt;' to '&lt;a href="file://C:\Users\valen\AppData\Roaming\Chat Editor"&gt;C:\Users\valen\AppData\Roaming\Chat Editor&lt;/a&gt;'.</msg>
<status status="PASS" starttime="20240621 12:57:07.763" endtime="20240621 12:57:07.763"/>
</kw>
<status status="PASS" starttime="20240621 12:57:07.763" endtime="20240621 12:57:07.763"/>
</kw>
<kw name="Open ChatEditor" library="resources">
<kw name="Windows Run" library="RPA.Windows">
<arg>${chatEditorPath}</arg>
<tag>window</tag>
<doc>Use Windows Run window to launch an application.</doc>
<msg timestamp="20240621 12:57:07.771" level="INFO">Sending keys '{Win}r' to element: &lt;module 'uiautomation' from 'C:\\Users\\valen\\AppData\\Local\\Programs\\Python\\Python310\\lib\\site-packages\\uiautomation\\__init__.py'&gt;</msg>
<msg timestamp="20240621 12:57:08.348" level="INFO">Sending keys '"C:/Program Files (x86)/Chat Editor/Chat Editor.exe"' to element: &lt;module 'uiautomation' from 'C:\\Users\\valen\\AppData\\Local\\Programs\\Python\\Python310\\lib\\site-packages\\uiautomation\\__init__.py'&gt;</msg>
<msg timestamp="20240621 12:57:09.663" level="INFO">Sending keys '{Enter}' to element: &lt;module 'uiautomation' from 'C:\\Users\\valen\\AppData\\Local\\Programs\\Python\\Python310\\lib\\site-packages\\uiautomation\\__init__.py'&gt;</msg>
<status status="PASS" starttime="20240621 12:57:07.763" endtime="20240621 12:57:13.210"/>
</kw>
<status status="PASS" starttime="20240621 12:57:07.763" endtime="20240621 12:57:13.210"/>
</kw>
<status status="PASS" starttime="20240621 12:57:07.762" endtime="20240621 12:57:13.210"/>
</kw>
<test id="s1-t1" name="Validate &quot;RehaFoXX 1.02&quot; vocabulary" line="11">
<kw name="Create new configuration of ChatEditor" library="resources">
<kw name="Click" library="RPA.Windows">
<arg>id:1589</arg>
<tag>action</tag>
<tag>mouse</tag>
<doc>Mouse click on element matching given locator.</doc>
<msg timestamp="20240621 12:57:13.213" level="INFO">Getting element with locator: id:1589</msg>
<msg timestamp="20240621 12:57:13.222" level="INFO">Resulted root element: WindowsElement(item=&lt;uiautomation.uiautomation.PaneControl object at 0x0000022B36A4B970&gt;, locator=None, name='Desktop 1', automation_id='', control_type='PaneControl', class_name='#32769', left=0, right=1920, top=0, bottom=1200, width=1920, height=1200, xcenter=960, ycenter=600)</msg>
<msg timestamp="20240621 12:57:13.222" level="INFO">Locator 'id:1589' produced matcher: MatchObject(locators=[('AutomationId', '1589', 0)], _classes=set(), max_level=0)</msg>
<msg timestamp="20240621 12:57:13.353" level="INFO">Returning element: WindowsElement(item=&lt;uiautomation.uiautomation.ComboBoxControl object at 0x0000022B36B38430&gt;, locator='id:1589', name='Please choose a configuration:', automation_id='1589', control_type='ComboBoxControl', class_name='ComboBox', left=1145, right=1413, top=664, bottom=688, width=268, height=24, xcenter=1279, ycenter=676)</msg>
<status status="PASS" starttime="20240621 12:57:13.211" endtime="20240621 12:57:13.922"/>
</kw>
<kw name="Click" library="RPA.Windows">
<arg>${configuration}</arg>
<tag>action</tag>
<tag>mouse</tag>
<doc>Mouse click on element matching given locator.</doc>
<msg timestamp="20240621 12:57:13.925" level="INFO">Getting element with locator: name:"Create New Configuration"</msg>
<msg timestamp="20240621 12:57:13.928" level="INFO">Resulted root element: WindowsElement(item=&lt;uiautomation.uiautomation.PaneControl object at 0x0000022B36B36800&gt;, locator=None, name='Desktop 1', automation_id='', control_type='PaneControl', class_name='#32769', left=0, right=1920, top=0, bottom=1200, width=1920, height=1200, xcenter=960, ycenter=600)</msg>
<msg timestamp="20240621 12:57:13.929" level="INFO">Locator 'name:"Create New Configuration"' produced matcher: MatchObject(locators=[('Name', 'Create New Configuration', 0)], _classes=set(), max_level=0)</msg>
<msg timestamp="20240621 12:57:14.075" level="INFO">Returning element: WindowsElement(item=&lt;uiautomation.uiautomation.ListItemControl object at 0x0000022B36B359F0&gt;, locator='name:"Create New Configuration"', name='Create New Configuration', automation_id='', control_type='ListItemControl', class_name='', left=1146, right=1412, top=705, bottom=721, width=266, height=16, xcenter=1279, ycenter=713)</msg>
<status status="PASS" starttime="20240621 12:57:13.924" endtime="20240621 12:57:14.658"/>
</kw>
<kw name="Click" library="RPA.Windows">
<arg>id:1591</arg>
<tag>action</tag>
<tag>mouse</tag>
<doc>Mouse click on element matching given locator.</doc>
<msg timestamp="20240621 12:57:14.661" level="INFO">Getting element with locator: id:1591</msg>
<msg timestamp="20240621 12:57:14.663" level="INFO">Resulted root element: WindowsElement(item=&lt;uiautomation.uiautomation.PaneControl object at 0x0000022B36B35360&gt;, locator=None, name='Desktop 1', automation_id='', control_type='PaneControl', class_name='#32769', left=0, right=1920, top=0, bottom=1200, width=1920, height=1200, xcenter=960, ycenter=600)</msg>
<msg timestamp="20240621 12:57:14.663" level="INFO">Locator 'id:1591' produced matcher: MatchObject(locators=[('AutomationId', '1591', 0)], _classes=set(), max_level=0)</msg>
<msg timestamp="20240621 12:57:14.762" level="INFO">Returning element: WindowsElement(item=&lt;uiautomation.uiautomation.ButtonControl object at 0x0000022B36B377C0&gt;, locator='id:1591', name='OK', automation_id='1591', control_type='ButtonControl', class_name='Button', left=1236, right=1324, top=764, bottom=792, width=88, height=28, xcenter=1280, ycenter=778)</msg>
<status status="PASS" starttime="20240621 12:57:14.659" endtime="20240621 12:57:15.324"/>
</kw>
<status status="PASS" starttime="20240621 12:57:13.211" endtime="20240621 12:57:15.326"/>
</kw>
<kw name="Select Nova Chat" library="resources">
<kw name="Click" library="RPA.Windows">
<arg>${productDropbox}</arg>
<tag>action</tag>
<tag>mouse</tag>
<doc>Mouse click on element matching given locator.</doc>
<msg timestamp="20240621 12:57:15.327" level="INFO">Getting element with locator: id:1585</msg>
<msg timestamp="20240621 12:57:15.333" level="INFO">Resulted root element: WindowsElement(item=&lt;uiautomation.uiautomation.PaneControl object at 0x0000022B36B347F0&gt;, locator=None, name='Desktop 1', automation_id='', control_type='PaneControl', class_name='#32769', left=0, right=1920, top=0, bottom=1200, width=1920, height=1200, xcenter=960, ycenter=600)</msg>
<msg timestamp="20240621 12:57:15.333" level="INFO">Locator 'id:1585' produced matcher: MatchObject(locators=[('AutomationId', '1585', 0)], _classes=set(), max_level=0)</msg>
<msg timestamp="20240621 12:57:15.444" level="INFO">Returning element: WindowsElement(item=&lt;uiautomation.uiautomation.ComboBoxControl object at 0x0000022B36B35270&gt;, locator='id:1585', name='Please choose the product you will be supporting:', automation_id='1585', control_type='ComboBoxControl', class_name='ComboBox', left=1180, right=1376, top=682, bottom=706, width=196, height=24, xcenter=1278, ycenter=694)</msg>
<status status="PASS" starttime="20240621 12:57:15.327" endtime="20240621 12:57:16.023"/>
</kw>
<kw name="Click" library="RPA.Windows">
<arg>${NovaChat/ChatFusion}</arg>
<tag>action</tag>
<tag>mouse</tag>
<doc>Mouse click on element matching given locator.</doc>
<msg timestamp="20240621 12:57:16.026" level="INFO">Getting element with locator: name:"Nova Chat/Chat Fusion"</msg>
<msg timestamp="20240621 12:57:16.029" level="INFO">Resulted root element: WindowsElement(item=&lt;uiautomation.uiautomation.PaneControl object at 0x0000022B36B37D90&gt;, locator=None, name='Desktop 1', automation_id='', control_type='PaneControl', class_name='#32769', left=0, right=1920, top=0, bottom=1200, width=1920, height=1200, xcenter=960, ycenter=600)</msg>
<msg timestamp="20240621 12:57:16.030" level="INFO">Locator 'name:"Nova Chat/Chat Fusion"' produced matcher: MatchObject(locators=[('Name', 'Nova Chat/Chat Fusion', 0)], _classes=set(), max_level=0)</msg>
<msg timestamp="20240621 12:57:16.153" level="INFO">Returning element: WindowsElement(item=&lt;uiautomation.uiautomation.ListItemControl object at 0x0000022B36B37460&gt;, locator='name:"Nova Chat/Chat Fusion"', name='Nova Chat/Chat Fusion', automation_id='', control_type='ListItemControl', class_name='', left=1181, right=1375, top=707, bottom=723, width=194, height=16, xcenter=1278, ycenter=715)</msg>
<status status="PASS" starttime="20240621 12:57:16.024" endtime="20240621 12:57:16.722"/>
</kw>
<kw name="Click" library="RPA.Windows">
<arg>id:1592</arg>
<tag>action</tag>
<tag>mouse</tag>
<doc>Mouse click on element matching given locator.</doc>
<msg timestamp="20240621 12:57:16.724" level="INFO">Getting element with locator: id:1592</msg>
<msg timestamp="20240621 12:57:16.726" level="INFO">Resulted root element: WindowsElement(item=&lt;uiautomation.uiautomation.PaneControl object at 0x0000022B36B37430&gt;, locator=None, name='Desktop 1', automation_id='', control_type='PaneControl', class_name='#32769', left=0, right=1920, top=0, bottom=1200, width=1920, height=1200, xcenter=960, ycenter=600)</msg>
<msg timestamp="20240621 12:57:16.726" level="INFO">Locator 'id:1592' produced matcher: MatchObject(locators=[('AutomationId', '1592', 0)], _classes=set(), max_level=0)</msg>
<msg timestamp="20240621 12:57:16.808" level="INFO">Returning element: WindowsElement(item=&lt;uiautomation.uiautomation.ButtonControl object at 0x0000022B36B37910&gt;, locator='id:1592', name='OK', automation_id='1592', control_type='ButtonControl', class_name='Button', left=1229, right=1317, top=740, bottom=768, width=88, height=28, xcenter=1273, ycenter=754)</msg>
<status status="PASS" starttime="20240621 12:57:16.723" endtime="20240621 12:57:17.375"/>
</kw>
<status status="PASS" starttime="20240621 12:57:15.327" endtime="20240621 12:57:17.376"/>
</kw>
<kw name="Select language" library="resources">
<arg>${english&amp;Deutsch}</arg>
<kw name="Click" library="RPA.Windows">
<arg>${languageDropbox}</arg>
<tag>action</tag>
<tag>mouse</tag>
<doc>Mouse click on element matching given locator.</doc>
<msg timestamp="20240621 12:57:17.379" level="INFO">Getting element with locator: id:1587</msg>
<msg timestamp="20240621 12:57:17.381" level="INFO">Resulted root element: WindowsElement(item=&lt;uiautomation.uiautomation.PaneControl object at 0x0000022B36B35390&gt;, locator=None, name='Desktop 1', automation_id='', control_type='PaneControl', class_name='#32769', left=0, right=1920, top=0, bottom=1200, width=1920, height=1200, xcenter=960, ycenter=600)</msg>
<msg timestamp="20240621 12:57:17.381" level="INFO">Locator 'id:1587' produced matcher: MatchObject(locators=[('AutomationId', '1587', 0)], _classes=set(), max_level=0)</msg>
<msg timestamp="20240621 12:57:17.488" level="INFO">Returning element: WindowsElement(item=&lt;uiautomation.uiautomation.ComboBoxControl object at 0x0000022B36B37E50&gt;, locator='id:1587', name='Please choose the language you will be supporting:', automation_id='1587', control_type='ComboBoxControl', class_name='ComboBox', left=1145, right=1413, top=676, bottom=700, width=268, height=24, xcenter=1279, ycenter=688)</msg>
<status status="PASS" starttime="20240621 12:57:17.378" endtime="20240621 12:57:18.062"/>
</kw>
<kw name="Click" library="RPA.Windows">
<arg>${language}</arg>
<tag>action</tag>
<tag>mouse</tag>
<doc>Mouse click on element matching given locator.</doc>
<msg timestamp="20240621 12:57:18.064" level="INFO">Getting element with locator: name:"English &amp; Deutsch"</msg>
<msg timestamp="20240621 12:57:18.067" level="INFO">Resulted root element: WindowsElement(item=&lt;uiautomation.uiautomation.PaneControl object at 0x0000022B36B374C0&gt;, locator=None, name='Desktop 1', automation_id='', control_type='PaneControl', class_name='#32769', left=0, right=1920, top=0, bottom=1200, width=1920, height=1200, xcenter=960, ycenter=600)</msg>
<msg timestamp="20240621 12:57:18.067" level="INFO">Locator 'name:"English &amp; Deutsch"' produced matcher: MatchObject(locators=[('Name', 'English &amp; Deutsch', 0)], _classes=set(), max_level=0)</msg>
<msg timestamp="20240621 12:57:18.187" level="INFO">Returning element: WindowsElement(item=&lt;uiautomation.uiautomation.ListItemControl object at 0x0000022B36B35420&gt;, locator='name:"English &amp; Deutsch"', name='English &amp; Deutsch', automation_id='', control_type='ListItemControl', class_name='', left=1146, right=1412, top=749, bottom=765, width=266, height=16, xcenter=1279, ycenter=757)</msg>
<status status="PASS" starttime="20240621 12:57:18.063" endtime="20240621 12:57:18.762"/>
</kw>
<kw name="Click" library="RPA.Windows">
<arg>id:1592</arg>
<tag>action</tag>
<tag>mouse</tag>
<doc>Mouse click on element matching given locator.</doc>
<msg timestamp="20240621 12:57:18.765" level="INFO">Getting element with locator: id:1592</msg>
<msg timestamp="20240621 12:57:18.768" level="INFO">Resulted root element: WindowsElement(item=&lt;uiautomation.uiautomation.PaneControl object at 0x0000022B36B35450&gt;, locator=None, name='Desktop 1', automation_id='', control_type='PaneControl', class_name='#32769', left=0, right=1920, top=0, bottom=1200, width=1920, height=1200, xcenter=960, ycenter=600)</msg>
<msg timestamp="20240621 12:57:18.768" level="INFO">Locator 'id:1592' produced matcher: MatchObject(locators=[('AutomationId', '1592', 0)], _classes=set(), max_level=0)</msg>
<msg timestamp="20240621 12:57:18.866" level="INFO">Returning element: WindowsElement(item=&lt;uiautomation.uiautomation.ButtonControl object at 0x0000022B36B37CA0&gt;, locator='id:1592', name='OK', automation_id='1592', control_type='ButtonControl', class_name='Button', left=1236, right=1324, top=742, bottom=770, width=88, height=28, xcenter=1280, ycenter=756)</msg>
<status status="PASS" starttime="20240621 12:57:18.764" endtime="20240621 12:57:19.432"/>
</kw>
<status status="PASS" starttime="20240621 12:57:17.377" endtime="20240621 12:57:19.434"/>
</kw>
<kw name="Select Symbol Set: Metacom" library="resources">
<kw name="Click" library="RPA.Windows">
<arg>${symbolSetDropbox}</arg>
<tag>action</tag>
<tag>mouse</tag>
<doc>Mouse click on element matching given locator.</doc>
<msg timestamp="20240621 12:57:19.437" level="INFO">Getting element with locator: id:1586</msg>
<msg timestamp="20240621 12:57:19.439" level="INFO">Resulted root element: WindowsElement(item=&lt;uiautomation.uiautomation.PaneControl object at 0x0000022B36B36F50&gt;, locator=None, name='Desktop 1', automation_id='', control_type='PaneControl', class_name='#32769', left=0, right=1920, top=0, bottom=1200, width=1920, height=1200, xcenter=960, ycenter=600)</msg>
<msg timestamp="20240621 12:57:19.440" level="INFO">Locator 'id:1586' produced matcher: MatchObject(locators=[('AutomationId', '1586', 0)], _classes=set(), max_level=0)</msg>
<msg timestamp="20240621 12:57:19.542" level="INFO">Returning element: WindowsElement(item=&lt;uiautomation.uiautomation.ComboBoxControl object at 0x0000022B36B36FB0&gt;, locator='id:1586', name='Please choose the Symbol Set(s) that you will utilize:', automation_id='1586', control_type='ComboBoxControl', class_name='ComboBox', left=1145, right=1413, top=684, bottom=708, width=268, height=24, xcenter=1279, ycenter=696)</msg>
<status status="PASS" starttime="20240621 12:57:19.436" endtime="20240621 12:57:20.122"/>
</kw>
<kw name="Click" library="RPA.Windows">
<arg>${metacom}</arg>
<tag>action</tag>
<tag>mouse</tag>
<doc>Mouse click on element matching given locator.</doc>
<msg timestamp="20240621 12:57:20.125" level="INFO">Getting element with locator: name:Metacom</msg>
<msg timestamp="20240621 12:57:20.128" level="INFO">Resulted root element: WindowsElement(item=&lt;uiautomation.uiautomation.PaneControl object at 0x0000022B36B35C00&gt;, locator=None, name='Desktop 1', automation_id='', control_type='PaneControl', class_name='#32769', left=0, right=1920, top=0, bottom=1200, width=1920, height=1200, xcenter=960, ycenter=600)</msg>
<msg timestamp="20240621 12:57:20.128" level="INFO">Locator 'name:Metacom' produced matcher: MatchObject(locators=[('Name', 'Metacom', 0)], _classes=set(), max_level=0)</msg>
<msg timestamp="20240621 12:57:20.245" level="INFO">Returning element: WindowsElement(item=&lt;uiautomation.uiautomation.ListItemControl object at 0x0000022B36B355A0&gt;, locator='name:Metacom', name='Metacom', automation_id='', control_type='ListItemControl', class_name='', left=1146, right=1412, top=741, bottom=757, width=266, height=16, xcenter=1279, ycenter=749)</msg>
<status status="PASS" starttime="20240621 12:57:20.123" endtime="20240621 12:57:20.840"/>
</kw>
<kw name="Click" library="RPA.Windows">
<arg>id:1592</arg>
<tag>action</tag>
<tag>mouse</tag>
<doc>Mouse click on element matching given locator.</doc>
<msg timestamp="20240621 12:57:20.843" level="INFO">Getting element with locator: id:1592</msg>
<msg timestamp="20240621 12:57:20.846" level="INFO">Resulted root element: WindowsElement(item=&lt;uiautomation.uiautomation.PaneControl object at 0x0000022B36B355D0&gt;, locator=None, name='Desktop 1', automation_id='', control_type='PaneControl', class_name='#32769', left=0, right=1920, top=0, bottom=1200, width=1920, height=1200, xcenter=960, ycenter=600)</msg>
<msg timestamp="20240621 12:57:20.846" level="INFO">Locator 'id:1592' produced matcher: MatchObject(locators=[('AutomationId', '1592', 0)], _classes=set(), max_level=0)</msg>
<msg timestamp="20240621 12:57:20.937" level="INFO">Returning element: WindowsElement(item=&lt;uiautomation.uiautomation.ButtonControl object at 0x0000022B36B35600&gt;, locator='id:1592', name='OK', automation_id='1592', control_type='ButtonControl', class_name='Button', left=1236, right=1324, top=742, bottom=770, width=88, height=28, xcenter=1280, ycenter=756)</msg>
<status status="PASS" starttime="20240621 12:57:20.841" endtime="20240621 12:57:21.513"/>
</kw>
<status status="PASS" starttime="20240621 12:57:19.435" endtime="20240621 12:57:21.515"/>
</kw>
<kw name="Create user" library="resources">
<arg>DeutschUser</arg>
<kw name="Send Keys" library="RPA.Windows">
<arg>id:1034</arg>
<arg>${user}</arg>
<tag>action</tag>
<tag>keyboard</tag>
<doc>Send keys to desktop, current window or to Control element
defined by given locator.</doc>
<msg timestamp="20240621 12:57:21.517" level="INFO">Getting element with locator: id:1034</msg>
<msg timestamp="20240621 12:57:21.520" level="INFO">Resulted root element: WindowsElement(item=&lt;uiautomation.uiautomation.PaneControl object at 0x0000022B36B37D30&gt;, locator=None, name='Desktop 1', automation_id='', control_type='PaneControl', class_name='#32769', left=0, right=1920, top=0, bottom=1200, width=1920, height=1200, xcenter=960, ycenter=600)</msg>
<msg timestamp="20240621 12:57:21.521" level="INFO">Locator 'id:1034' produced matcher: MatchObject(locators=[('AutomationId', '1034', 0)], _classes=set(), max_level=0)</msg>
<msg timestamp="20240621 12:57:21.621" level="INFO">Returning element: WindowsElement(item=&lt;uiautomation.uiautomation.EditControl object at 0x0000022B36B35750&gt;, locator='id:1034', name='', automation_id='1034', control_type='EditControl', class_name='Edit', left=1151, right=1408, top=682, bottom=706, width=257, height=24, xcenter=1279, ycenter=694)</msg>
<msg timestamp="20240621 12:57:21.621" level="INFO">Sending keys 'DeutschUser' to element: ControlType: EditControl    ClassName: Edit    AutomationId: 1034    Rect: (1151,682,1408,706)[257x24]    Name: ''    Handle: 0x8F07EE(9373678)</msg>
<status status="PASS" starttime="20240621 12:57:21.515" endtime="20240621 12:57:22.311"/>
</kw>
<kw name="Click" library="RPA.Windows">
<arg>${ok_btn_id1}</arg>
<tag>action</tag>
<tag>mouse</tag>
<doc>Mouse click on element matching given locator.</doc>
<msg timestamp="20240621 12:57:22.313" level="INFO">Getting element with locator: id:1</msg>
<msg timestamp="20240621 12:57:22.317" level="INFO">Resulted root element: WindowsElement(item=&lt;uiautomation.uiautomation.PaneControl object at 0x0000022B36B35D80&gt;, locator=None, name='Desktop 1', automation_id='', control_type='PaneControl', class_name='#32769', left=0, right=1920, top=0, bottom=1200, width=1920, height=1200, xcenter=960, ycenter=600)</msg>
<msg timestamp="20240621 12:57:22.317" level="INFO">Locator 'id:1' produced matcher: MatchObject(locators=[('AutomationId', '1', 0)], _classes=set(), max_level=0)</msg>
<msg timestamp="20240621 12:57:22.404" level="INFO">Returning element: WindowsElement(item=&lt;uiautomation.uiautomation.ButtonControl object at 0x0000022B36B35DE0&gt;, locator='id:1', name='OK', automation_id='1', control_type='ButtonControl', class_name='Button', left=1235, right=1323, top=728, bottom=756, width=88, height=28, xcenter=1279, ycenter=742)</msg>
<status status="PASS" starttime="20240621 12:57:22.311" endtime="20240621 12:57:22.972"/>
</kw>
<status status="PASS" starttime="20240621 12:57:21.515" endtime="20240621 12:57:22.972"/>
</kw>
<kw name="Maximize the window" library="resources">
<kw name="Press Keys" library="RPA.Desktop">
<arg>alt</arg>
<arg>space</arg>
<doc>Press multiple keys down simultaneously.</doc>
<msg timestamp="20240621 12:57:22.974" level="INFO">Pressing keys: Key.alt, Key.space</msg>
<status status="PASS" starttime="20240621 12:57:22.974" endtime="20240621 12:57:22.976"/>
</kw>
<kw name="Press Keys" library="RPA.Desktop">
<arg>x</arg>
<doc>Press multiple keys down simultaneously.</doc>
<msg timestamp="20240621 12:57:22.977" level="INFO">Pressing keys: 'x'</msg>
<status status="PASS" starttime="20240621 12:57:22.976" endtime="20240621 12:57:23.081"/>
</kw>
<status status="PASS" starttime="20240621 12:57:22.973" endtime="20240621 12:57:23.081"/>
</kw>
<kw name="Reach Library of vocabs" library="resources">
<arg>b</arg>
<kw name="Press Keys" library="RPA.Desktop">
<arg>alt</arg>
<doc>Press multiple keys down simultaneously.</doc>
<msg timestamp="20240621 12:57:23.085" level="INFO">Pressing keys: Key.alt</msg>
<status status="PASS" starttime="20240621 12:57:23.084" endtime="20240621 12:57:23.193"/>
</kw>
<kw name="Press Keys" library="RPA.Desktop">
<arg>${char}</arg>
<doc>Press multiple keys down simultaneously.</doc>
<msg timestamp="20240621 12:57:23.194" level="INFO">Pressing keys: 'b'</msg>
<status status="PASS" starttime="20240621 12:57:23.193" endtime="20240621 12:57:23.304"/>
</kw>
<status status="PASS" starttime="20240621 12:57:23.082" endtime="20240621 12:57:23.304"/>
</kw>
<kw name="Select Vocabulary" library="resources">
<arg>name:"Vorgespeicherte Vokabulare"</arg>
<arg>name:"RehaFoXX-Programme"</arg>
<arg>${rehaFoXX1.02}</arg>
<kw name="Run Keyword If" library="BuiltIn">
<arg>'${language}' != 'NONE'</arg>
<arg>RPA.Windows.Click</arg>
<arg>${language}</arg>
<doc>Runs the given keyword with the given arguments, if ``condition`` is true.</doc>
<kw name="Click" library="RPA.Windows">
<arg>${language}</arg>
<tag>action</tag>
<tag>mouse</tag>
<doc>Mouse click on element matching given locator.</doc>
<msg timestamp="20240621 12:57:23.308" level="INFO">Getting element with locator: name:"Vorgespeicherte Vokabulare"</msg>
<msg timestamp="20240621 12:57:23.310" level="INFO">Resulted root element: WindowsElement(item=&lt;uiautomation.uiautomation.PaneControl object at 0x0000022B36B34A90&gt;, locator=None, name='Desktop 1', automation_id='', control_type='PaneControl', class_name='#32769', left=0, right=1920, top=0, bottom=1200, width=1920, height=1200, xcenter=960, ycenter=600)</msg>
<msg timestamp="20240621 12:57:23.310" level="INFO">Locator 'name:"Vorgespeicherte Vokabulare"' produced matcher: MatchObject(locators=[('Name', 'Vorgespeicherte Vokabulare', 0)], _classes=set(), max_level=0)</msg>
<msg timestamp="20240621 12:57:23.447" level="INFO">Returning element: WindowsElement(item=&lt;uiautomation.uiautomation.TreeItemControl object at 0x0000022B36B36200&gt;, locator='name:"Vorgespeicherte Vokabulare"', name='Vorgespeicherte Vokabulare', automation_id='', control_type='TreeItemControl', class_name='', left=671, right=836, top=479, bottom=503, width=165, height=24, xcenter=753, ycenter=491)</msg>
<status status="PASS" starttime="20240621 12:57:23.307" endtime="20240621 12:57:24.034"/>
</kw>
<status status="PASS" starttime="20240621 12:57:23.306" endtime="20240621 12:57:24.034"/>
</kw>
<kw name="Run Keyword If" library="BuiltIn">
<arg>'${symbolSet}' != 'NONE'</arg>
<arg>RPA.Windows.Click</arg>
<arg>${symbolSet}</arg>
<doc>Runs the given keyword with the given arguments, if ``condition`` is true.</doc>
<kw name="Click" library="RPA.Windows">
<arg>${symbolSet}</arg>
<tag>action</tag>
<tag>mouse</tag>
<doc>Mouse click on element matching given locator.</doc>
<msg timestamp="20240621 12:57:24.039" level="INFO">Getting element with locator: name:"RehaFoXX-Programme"</msg>
<msg timestamp="20240621 12:57:24.041" level="INFO">Resulted root element: WindowsElement(item=&lt;uiautomation.uiautomation.PaneControl object at 0x0000022B36B36BF0&gt;, locator=None, name='Desktop 1', automation_id='', control_type='PaneControl', class_name='#32769', left=0, right=1920, top=0, bottom=1200, width=1920, height=1200, xcenter=960, ycenter=600)</msg>
<msg timestamp="20240621 12:57:24.043" level="INFO">Locator 'name:"RehaFoXX-Programme"' produced matcher: MatchObject(locators=[('Name', 'RehaFoXX-Programme', 0)], _classes=set(), max_level=0)</msg>
<msg timestamp="20240621 12:57:24.150" level="INFO">Returning element: WindowsElement(item=&lt;uiautomation.uiautomation.TreeItemControl object at 0x0000022B36B37880&gt;, locator='name:"RehaFoXX-Programme"', name='RehaFoXX-Programme', automation_id='', control_type='TreeItemControl', class_name='', left=698, right=833, top=599, bottom=623, width=135, height=24, xcenter=765, ycenter=611)</msg>
<status status="PASS" starttime="20240621 12:57:24.037" endtime="20240621 12:57:24.723"/>
</kw>
<status status="PASS" starttime="20240621 12:57:24.037" endtime="20240621 12:57:24.723"/>
</kw>
<kw name="Run Keyword If" library="BuiltIn">
<arg>'${additionalVocabularies}' != 'NONE'</arg>
<arg>RPA.Windows.Click</arg>
<arg>${additionalVocabularies}</arg>
<doc>Runs the given keyword with the given arguments, if ``condition`` is true.</doc>
<kw name="Click" library="RPA.Windows">
<arg>${additionalVocabularies}</arg>
<tag>action</tag>
<tag>mouse</tag>
<doc>Mouse click on element matching given locator.</doc>
<msg timestamp="20240621 12:57:24.727" level="INFO">Getting element with locator: name:"RehaFoXX 1.02"</msg>
<msg timestamp="20240621 12:57:24.730" level="INFO">Resulted root element: WindowsElement(item=&lt;uiautomation.uiautomation.PaneControl object at 0x0000022B36B356F0&gt;, locator=None, name='Desktop 1', automation_id='', control_type='PaneControl', class_name='#32769', left=0, right=1920, top=0, bottom=1200, width=1920, height=1200, xcenter=960, ycenter=600)</msg>
<msg timestamp="20240621 12:57:24.730" level="INFO">Locator 'name:"RehaFoXX 1.02"' produced matcher: MatchObject(locators=[('Name', 'RehaFoXX 1.02', 0)], _classes=set(), max_level=0)</msg>
<msg timestamp="20240621 12:57:24.844" level="INFO">Returning element: WindowsElement(item=&lt;uiautomation.uiautomation.TreeItemControl object at 0x0000022B36B355D0&gt;, locator='name:"RehaFoXX 1.02"', name='RehaFoXX 1.02', automation_id='', control_type='TreeItemControl', class_name='', left=725, right=817, top=623, bottom=647, width=92, height=24, xcenter=771, ycenter=635)</msg>
<status status="PASS" starttime="20240621 12:57:24.726" endtime="20240621 12:57:25.417"/>
</kw>
<status status="PASS" starttime="20240621 12:57:24.726" endtime="20240621 12:57:25.418"/>
</kw>
<kw name="Run Keyword If" library="BuiltIn">
<arg>'${vocabName}' != 'NONE'</arg>
<arg>Click Vocabulary Based On Visibility</arg>
<arg>${downPageButton}</arg>
<arg>${vocabName}</arg>
<doc>Runs the given keyword with the given arguments, if ``condition`` is true.</doc>
<status status="PASS" starttime="20240621 12:57:25.418" endtime="20240621 12:57:25.419"/>
</kw>
<kw name="Click" library="RPA.Windows">
<arg>id:33674</arg>
<tag>action</tag>
<tag>mouse</tag>
<doc>Mouse click on element matching given locator.</doc>
<msg timestamp="20240621 12:57:25.420" level="INFO">Getting element with locator: id:33674</msg>
<msg timestamp="20240621 12:57:25.424" level="INFO">Resulted root element: WindowsElement(item=&lt;uiautomation.uiautomation.PaneControl object at 0x0000022B36B36110&gt;, locator=None, name='Desktop 1', automation_id='', control_type='PaneControl', class_name='#32769', left=0, right=1920, top=0, bottom=1200, width=1920, height=1200, xcenter=960, ycenter=600)</msg>
<msg timestamp="20240621 12:57:25.424" level="INFO">Locator 'id:33674' produced matcher: MatchObject(locators=[('AutomationId', '33674', 0)], _classes=set(), max_level=0)</msg>
<msg timestamp="20240621 12:57:25.446" level="INFO">Returning element: WindowsElement(item=&lt;uiautomation.uiautomation.MenuItemControl object at 0x0000022B36B37EB0&gt;, locator='id:33674', name='Öffnen', automation_id='33674', control_type='MenuItemControl', class_name='', left=800, right=995, top=640, bottom=666, width=195, height=26, xcenter=897, ycenter=653)</msg>
<status status="PASS" starttime="20240621 12:57:25.419" endtime="20240621 12:57:26.024"/>
</kw>
<status status="PASS" starttime="20240621 12:57:23.306" endtime="20240621 12:57:26.025"/>
</kw>
<status status="PASS" starttime="20240621 12:57:13.210" endtime="20240621 12:57:26.026"/>
</test>
<test id="s1-t2" name="Assertions for &quot;RehaFoXX 1.02&quot; DEUTSCH vocabulary" line="21">
<kw name="Set Resolution" library="screen_resolution">
<arg>${windowDeutsch}</arg>
<arg>1800</arg>
<arg>800</arg>
<msg timestamp="20240621 12:57:26.068" level="INFO">xxxChatEditor • (DeutschUser)</msg>
<status status="PASS" starttime="20240621 12:57:26.029" endtime="20240621 12:57:26.069"/>
</kw>
<kw name="Set Variable" library="BuiltIn">
<var>${text}</var>
<arg>ich</arg>
<doc>Returns the given values which can then be assigned to a variables.</doc>
<msg timestamp="20240621 12:57:26.069" level="INFO">${text} = ich</msg>
<status status="PASS" starttime="20240621 12:57:26.069" endtime="20240621 12:57:26.069"/>
</kw>
<kw name="Click On Button With Text" library="screen_resolution">
<arg>${text}</arg>
<arg>NovaChatChatFusion\\NovaChatChatFusionEnglish&amp;Deutsch\\rehaFoXX1.02\\ich.png</arg>
<arg>0.6</arg>
<msg timestamp="20240621 12:57:26.308" level="INFO">I clicked on the button with the text 'ich'.</msg>
<status status="PASS" starttime="20240621 12:57:26.070" endtime="20240621 12:57:26.308"/>
</kw>
<kw name="Check to see if the user exist - DeutschUser" library="vocabularyAssertions">
<kw name="Get Text" library="RPA.Windows">
<var>${text}</var>
<arg>name:"ChatEditor • (DeutschUser)"</arg>
<tag>action</tag>
<doc>Get text from Control element defined by the locator.</doc>
<msg timestamp="20240621 12:57:26.311" level="INFO">Getting element with locator: name:"ChatEditor • (DeutschUser)"</msg>
<msg timestamp="20240621 12:57:26.315" level="INFO">Resulted root element: WindowsElement(item=&lt;uiautomation.uiautomation.PaneControl object at 0x0000022B36B35B10&gt;, locator=None, name='Desktop 1', automation_id='', control_type='PaneControl', class_name='#32769', left=0, right=1920, top=0, bottom=1200, width=1920, height=1200, xcenter=960, ycenter=600)</msg>
<msg timestamp="20240621 12:57:26.315" level="INFO">Locator 'name:"ChatEditor • (DeutschUser)"' produced matcher: MatchObject(locators=[('Name', 'ChatEditor • (DeutschUser)', 0)], _classes=set(), max_level=0)</msg>
<msg timestamp="20240621 12:57:26.403" level="INFO">Returning element: WindowsElement(item=&lt;uiautomation.uiautomation.WindowControl object at 0x0000022B36B35420&gt;, locator='name:"ChatEditor • (DeutschUser)"', name='ChatEditor • (DeutschUser)', automation_id='', control_type='WindowControl', class_name='#32770', left=0, right=1800, top=0, bottom=800, width=1800, height=800, xcenter=900, ycenter=400)</msg>
<msg timestamp="20240621 12:57:26.403" level="INFO">${text} = ChatEditor • (DeutschUser)</msg>
<status status="PASS" starttime="20240621 12:57:26.310" endtime="20240621 12:57:26.403"/>
</kw>
<kw name="Should Be Equal" library="BuiltIn">
<arg>${text}</arg>
<arg>ChatEditor • (DeutschUser)</arg>
<doc>Fails if the given objects are unequal.</doc>
<status status="PASS" starttime="20240621 12:57:26.403" endtime="20240621 12:57:26.403"/>
</kw>
<status status="PASS" starttime="20240621 12:57:26.309" endtime="20240621 12:57:26.403"/>
</kw>
<kw name="Click" library="RPA.Windows">
<arg>${edit_mode_btn_english&amp;deutsch}</arg>
<tag>action</tag>
<tag>mouse</tag>
<doc>Mouse click on element matching given locator.</doc>
<msg timestamp="20240621 12:57:26.404" level="INFO">Getting element with locator: name:Editiermodus</msg>
<msg timestamp="20240621 12:57:26.404" level="INFO">Resulted root element: WindowsElement(item=&lt;uiautomation.uiautomation.PaneControl object at 0x0000022B36B35CF0&gt;, locator=None, name='Desktop 1', automation_id='', control_type='PaneControl', class_name='#32769', left=0, right=1920, top=0, bottom=1200, width=1920, height=1200, xcenter=960, ycenter=600)</msg>
<msg timestamp="20240621 12:57:26.405" level="INFO">Locator 'name:Editiermodus' produced matcher: MatchObject(locators=[('Name', 'Editiermodus', 0)], _classes=set(), max_level=0)</msg>
<msg timestamp="20240621 12:57:26.508" level="INFO">Returning element: WindowsElement(item=&lt;uiautomation.uiautomation.CheckBoxControl object at 0x0000022B36B35630&gt;, locator='name:Editiermodus', name='Editiermodus', automation_id='', control_type='CheckBoxControl', class_name='', left=207, right=301, top=65, bottom=103, width=94, height=38, xcenter=254, ycenter=84)</msg>
<status status="PASS" starttime="20240621 12:57:26.403" endtime="20240621 12:57:27.075"/>
</kw>
<kw name="Get Text" library="RPA.Windows">
<var>${message}</var>
<arg>id:65535</arg>
<tag>action</tag>
<doc>Get text from Control element defined by the locator.</doc>
<msg timestamp="20240621 12:57:27.078" level="INFO">Getting element with locator: id:65535</msg>
<msg timestamp="20240621 12:57:27.081" level="INFO">Resulted root element: WindowsElement(item=&lt;uiautomation.uiautomation.PaneControl object at 0x0000022B36B35CC0&gt;, locator=None, name='Desktop 1', automation_id='', control_type='PaneControl', class_name='#32769', left=0, right=1920, top=0, bottom=1200, width=1920, height=1200, xcenter=960, ycenter=600)</msg>
<msg timestamp="20240621 12:57:27.081" level="INFO">Locator 'id:65535' produced matcher: MatchObject(locators=[('AutomationId', '65535', 0)], _classes=set(), max_level=0)</msg>
<msg timestamp="20240621 12:57:27.183" level="INFO">Returning element: WindowsElement(item=&lt;uiautomation.uiautomation.TextControl object at 0x0000022B36B35900&gt;, locator='id:65535', name='"RehaFoXX 1.02" ist ein Original vokabular und kann nicht bearbeitet werden. Erzeugen Sie eine Kopie und bearbeiten Sie die. \n\nMöchten Sie jetzt eine Kopie anlegen?', automation_id='65535', control_type='TextControl', class_name='Static', left=648, right=1126, top=346, bottom=424, width=478, height=78, xcenter=887, ycenter=385)</msg>
<msg timestamp="20240621 12:57:27.184" level="INFO">${message} = "RehaFoXX 1.02" ist ein Original vokabular und kann nicht bearbeitet werden. Erzeugen Sie eine Kopie und bearbeiten Sie die. 

Möchten Sie jetzt eine Kopie anlegen?</msg>
<status status="PASS" starttime="20240621 12:57:27.077" endtime="20240621 12:57:27.184"/>
</kw>
<kw name="Should Contain" library="BuiltIn">
<arg>${message}</arg>
<arg>"RehaFoXX 1.02" ist ein Original vokabular</arg>
<doc>Fails if ``container`` does not contain ``item`` one or more times.</doc>
<status status="PASS" starttime="20240621 12:57:27.184" endtime="20240621 12:57:27.185"/>
</kw>
<kw name="Click" library="RPA.Windows">
<arg>id:7</arg>
<tag>action</tag>
<tag>mouse</tag>
<doc>Mouse click on element matching given locator.</doc>
<msg timestamp="20240621 12:57:27.185" level="INFO">Getting element with locator: id:7</msg>
<msg timestamp="20240621 12:57:27.187" level="INFO">Resulted root element: WindowsElement(item=&lt;uiautomation.uiautomation.PaneControl object at 0x0000022B36B35D20&gt;, locator=None, name='Desktop 1', automation_id='', control_type='PaneControl', class_name='#32769', left=0, right=1920, top=0, bottom=1200, width=1920, height=1200, xcenter=960, ycenter=600)</msg>
<msg timestamp="20240621 12:57:27.187" level="INFO">Locator 'id:7' produced matcher: MatchObject(locators=[('AutomationId', '7', 0)], _classes=set(), max_level=0)</msg>
<msg timestamp="20240621 12:57:27.276" level="INFO">Returning element: WindowsElement(item=&lt;uiautomation.uiautomation.ButtonControl object at 0x0000022B36B34D90&gt;, locator='id:7', name='No', automation_id='7', control_type='ButtonControl', class_name='Button', left=1044, right=1144, top=470, bottom=503, width=100, height=33, xcenter=1094, ycenter=486)</msg>
<status status="PASS" starttime="20240621 12:57:27.185" endtime="20240621 12:57:27.849"/>
</kw>
<kw name="Press Keys" library="RPA.Desktop">
<arg>alt</arg>
<arg>b</arg>
<doc>Press multiple keys down simultaneously.</doc>
<msg timestamp="20240621 12:57:27.851" level="INFO">Pressing keys: Key.alt, 'b'</msg>
<status status="PASS" starttime="20240621 12:57:27.851" endtime="20240621 12:57:27.860"/>
</kw>
<kw name="Click" library="RPA.Windows">
<arg>name:"Vorgespeicherte Vokabulare"</arg>
<tag>action</tag>
<tag>mouse</tag>
<doc>Mouse click on element matching given locator.</doc>
<msg timestamp="20240621 12:57:27.861" level="INFO">Getting element with locator: name:"Vorgespeicherte Vokabulare"</msg>
<msg timestamp="20240621 12:57:27.872" level="INFO">Resulted root element: WindowsElement(item=&lt;uiautomation.uiautomation.PaneControl object at 0x0000022B36B34F40&gt;, locator=None, name='Desktop 1', automation_id='', control_type='PaneControl', class_name='#32769', left=0, right=1920, top=0, bottom=1200, width=1920, height=1200, xcenter=960, ycenter=600)</msg>
<msg timestamp="20240621 12:57:27.872" level="INFO">Locator 'name:"Vorgespeicherte Vokabulare"' produced matcher: MatchObject(locators=[('Name', 'Vorgespeicherte Vokabulare', 0)], _classes=set(), max_level=0)</msg>
<msg timestamp="20240621 12:57:28.004" level="INFO">Returning element: WindowsElement(item=&lt;uiautomation.uiautomation.TreeItemControl object at 0x0000022B36B35210&gt;, locator='name:"Vorgespeicherte Vokabulare"', name='Vorgespeicherte Vokabulare', automation_id='', control_type='TreeItemControl', class_name='', left=611, right=776, top=309, bottom=333, width=165, height=24, xcenter=693, ycenter=321)</msg>
<status status="PASS" starttime="20240621 12:57:27.861" endtime="20240621 12:57:28.598"/>
</kw>
<kw name="Click" library="RPA.Windows">
<arg>name:"RehaFoXX-Programme"</arg>
<tag>action</tag>
<tag>mouse</tag>
<doc>Mouse click on element matching given locator.</doc>
<msg timestamp="20240621 12:57:28.601" level="INFO">Getting element with locator: name:"RehaFoXX-Programme"</msg>
<msg timestamp="20240621 12:57:28.604" level="INFO">Resulted root element: WindowsElement(item=&lt;uiautomation.uiautomation.PaneControl object at 0x0000022B36B37130&gt;, locator=None, name='Desktop 1', automation_id='', control_type='PaneControl', class_name='#32769', left=0, right=1920, top=0, bottom=1200, width=1920, height=1200, xcenter=960, ycenter=600)</msg>
<msg timestamp="20240621 12:57:28.604" level="INFO">Locator 'name:"RehaFoXX-Programme"' produced matcher: MatchObject(locators=[('Name', 'RehaFoXX-Programme', 0)], _classes=set(), max_level=0)</msg>
<msg timestamp="20240621 12:57:28.717" level="INFO">Returning element: WindowsElement(item=&lt;uiautomation.uiautomation.TreeItemControl object at 0x0000022B36B373D0&gt;, locator='name:"RehaFoXX-Programme"', name='RehaFoXX-Programme', automation_id='', control_type='TreeItemControl', class_name='', left=638, right=773, top=429, bottom=453, width=135, height=24, xcenter=705, ycenter=441)</msg>
<status status="PASS" starttime="20240621 12:57:28.600" endtime="20240621 12:57:29.289"/>
</kw>
<kw name="Get Attribute" library="RPA.Windows">
<var>${name}</var>
<arg>name:"RehaFoXX 1.02 (aktuell)"</arg>
<arg>Name</arg>
<doc>Get attribute value of the element defined by the locator.</doc>
<msg timestamp="20240621 12:57:29.292" level="INFO">Getting element with locator: name:"RehaFoXX 1.02 (aktuell)"</msg>
<msg timestamp="20240621 12:57:29.294" level="INFO">Resulted root element: WindowsElement(item=&lt;uiautomation.uiautomation.PaneControl object at 0x0000022B36B35390&gt;, locator=None, name='Desktop 1', automation_id='', control_type='PaneControl', class_name='#32769', left=0, right=1920, top=0, bottom=1200, width=1920, height=1200, xcenter=960, ycenter=600)</msg>
<msg timestamp="20240621 12:57:29.294" level="INFO">Locator 'name:"RehaFoXX 1.02 (aktuell)"' produced matcher: MatchObject(locators=[('Name', 'RehaFoXX 1.02 (aktuell)', 0)], _classes=set(), max_level=0)</msg>
<msg timestamp="20240621 12:57:29.394" level="INFO">Returning element: WindowsElement(item=&lt;uiautomation.uiautomation.TreeItemControl object at 0x0000022B36B34F10&gt;, locator='name:"RehaFoXX 1.02 (aktuell)"', name='RehaFoXX 1.02 (aktuell)', automation_id='', control_type='TreeItemControl', class_name='', left=665, right=808, top=453, bottom=477, width=143, height=24, xcenter=736, ycenter=465)</msg>
<msg timestamp="20240621 12:57:29.394" level="INFO">${name} = RehaFoXX 1.02 (aktuell)</msg>
<status status="PASS" starttime="20240621 12:57:29.291" endtime="20240621 12:57:29.394"/>
</kw>
<kw name="Should Be Equal" library="BuiltIn">
<arg>${name}</arg>
<arg>RehaFoXX 1.02 (aktuell)</arg>
<doc>Fails if the given objects are unequal.</doc>
<status status="PASS" starttime="20240621 12:57:29.394" endtime="20240621 12:57:29.394"/>
</kw>
<status status="PASS" starttime="20240621 12:57:26.028" endtime="20240621 12:57:29.394"/>
</test>
<kw name="Close ChatEditor" library="resources" type="TEARDOWN">
<kw name="Run" library="OperatingSystem">
<arg>taskkill /F /IM "Chat Editor.exe"</arg>
<doc>Runs the given command in the system and returns the output.</doc>
<msg timestamp="20240621 12:57:29.428" level="INFO">Running command 'taskkill /F /IM "Chat Editor.exe" 2&gt;&amp;1'.</msg>
<status status="PASS" starttime="20240621 12:57:29.394" endtime="20240621 12:57:29.593"/>
</kw>
<status status="PASS" starttime="20240621 12:57:29.394" endtime="20240621 12:57:29.593"/>
</kw>
<doc>Check "RehaFoXX 1.02" DEUTSCH vocabulary</doc>
<status status="PASS" starttime="20240621 12:57:07.189" endtime="20240621 12:57:29.594"/>
</suite>
<statistics>
<total>
<stat pass="2" fail="0" skip="0">All Tests</stat>
</total>
<tag>
</tag>
<suite>
<stat pass="2" fail="0" skip="0" id="s1" name="rehaFoXX1.02">rehaFoXX1.02</stat>
</suite>
</statistics>
<errors>
</errors>
</robot>
